<?xml version='1.0' encoding='utf-8'?>
<testsuite name="ai-runtime-validation" tests="12" failures="0" timestamp="2026-08-03T03:12:36.399812Z"><testcase classname="poc.02.event-protocol" name="EVT-01 valid fixtures satisfy Draft-07 schema" time="0.000004"><system-out>expected: zero schema errors
observed: [[], [], []]</system-out></testcase><testcase classname="poc.02.event-protocol" name="EVT-02 malformed fixtures are rejected" time="0.000001"><system-out>expected: every invalid fixture has schema diagnostics
observed: {"missing_fields.json": ["'occurred_at' is a required property", "'producer' is a required property", "'aggregate' is a required property", "'correlation_id' is a required property", "'idempotency_key' is a required property", "'policy_revision' is a required property", "'payload' is a required property", "'integrity' is a required property", "Additional properties are not allowed ('_test_note' was unexpected)"], "wrong_protocol.json": ["'policy_revision' is a required property", "'integrity' is a required property", "'ai-runtime.events/v1' was expected", "'user' is not of type 'object'", "'feature_id' is a required property", "'stream' is a required property"]}</system-out></testcase><testcase classname="poc.02.event-protocol" name="EVT-03 unsupported schema version is rejected" time="0.000001"><system-out>expected: v2 rejected by v1 schema
observed: ["'ai-runtime.events/v1' was expected"]</system-out></testcase><testcase classname="poc.02.event-protocol" name="EVT-04 events append durably in aggregate order" time="0.000001"><system-out>expected: three fsync-backed appends
observed: ["APPENDED", "APPENDED", "APPENDED"]</system-out></testcase><testcase classname="poc.02.event-protocol" name="EVT-05 exact duplicates are idempotent" time="0.000001"><system-out>expected: duplicate ignored and store remains three events
observed: {"count": 3, "result": "DUPLICATE_IGNORED"}</system-out></testcase><testcase classname="poc.02.event-protocol" name="EVT-06 idempotency-key content conflicts are rejected" time="0.000001"><system-out>expected: IDEMPOTENCY_CONFLICT
observed: IDEMPOTENCY_CONFLICT</system-out></testcase><testcase classname="poc.02.event-protocol" name="EVT-07 aggregate ordering is enforced" time="0.000001"><system-out>expected: sequence gap rejected
observed: AGGREGATE_SEQUENCE_CONFLICT expected=4</system-out></testcase><testcase classname="poc.02.event-protocol" name="EVT-08 replay reconstructs projection" time="0.000001"><system-out>expected: three events project final state plan.approved
observed: {"event_count": 3, "side_effects_replayed": 0, "streams": {"feature/feat-validation": {"last_event_id": "evt-validation-003", "sequence": 3, "state": "plan.approved"}}}</system-out></testcase><testcase classname="poc.02.event-protocol" name="EVT-09 replay is deterministic and side-effect safe" time="0.000000"><system-out>expected: byte-identical projections; zero blind side effects
observed: 4d6877e5fd4dd38d8bb45a0f781537756b4a06b54fd035cba4a686f588369d6c</system-out></testcase><testcase classname="poc.02.event-protocol" name="EVT-10 tampering is detected by SHA-256" time="0.000000"><system-out>expected: modified payload fails digest
observed: {"computed": "c3c8fb6e3d7f319b581a1b0320b4cb7da9235cd6d80caba0b7f9ec16252dc6af", "stored": "e5c7d12798546ba1cb41129ebda040b8e1fad7b26a6f5d0aa6b23b1c47b85f76"}</system-out></testcase><testcase classname="poc.02.event-protocol" name="EVT-11 invalid signatures are rejected" time="0.000001"><system-out>expected: INVALID_SIGNATURE
observed: INVALID_SIGNATURE</system-out></testcase><testcase classname="poc.02.event-protocol" name="EVT-12 store corruption fails closed" time="0.000001"><system-out>expected: corruption names exact line
observed: CORRUPT_EVENT_STORE line 4: Expecting property name enclosed in double quotes</system-out></testcase></testsuite>