<?xml version='1.0' encoding='utf-8'?>
<testsuite name="ai-runtime-validation" tests="82" failures="0" timestamp="2026-08-03T03:19:47.446950Z"><testcase classname="poc.01.tmux-runtime" name="TMUX-01 named sessions exist" time="0.000002"><system-out>expected: exactly four V2.2-named sessions
observed: ["claude-feature-f123-plan-1", "claude-root", "codex-feature-f123-1", "codex-root"]</system-out></testcase><testcase classname="poc.01.tmux-runtime" name="TMUX-02 each session owns a pane" time="0.000002"><system-out>expected: one pane per session
observed: {"claude-feature-f123-plan-1": ["%2"], "claude-root": ["%0"], "codex-feature-f123-1": ["%3"], "codex-root": ["%1"]}</system-out></testcase><testcase classname="poc.01.tmux-runtime" name="TMUX-03 working directories are assigned" time="0.000002"><system-out>expected: each pane cwd equals assigned isolated directory
observed: {"claude-feature-f123-plan-1": "/home/tinhnv/project/docs/design-document/ai-runtime-validation/artifacts/20260803T031942Z-8ff2b2/poc-01/workspace/claude-feature", "claude-root": "/home/tinhnv/project/docs/design-document/ai-runtime-validation/artifacts/20260803T031942Z-8ff2b2/poc-01/workspace/claude-root", "codex-feature-f123-1": "/home/tinhnv/project/docs/design-document/ai-runtime-validation/artifacts/20260803T031942Z-8ff2b2/poc-01/workspace/codex-feature", "codex-root": "/home/tinhnv/project/docs/design-document/ai-runtime-validation/artifacts/20260803T031942Z-8ff2b2/poc-01/workspace/codex-root"}</system-out></testcase><testcase classname="poc.01.tmux-runtime" name="TMUX-04 event command is received and executed" time="0.000001"><system-out>expected: target marker contains unique command token
observed: event-68347550135c466d87b430f2681411d3</system-out></testcase><testcase classname="poc.01.tmux-runtime" name="TMUX-05 pane output is capturable" time="0.000001"><system-out>expected: captured pane includes execution token
observed: bash-5.3$ printf '%s' 'event-68347550135c466d87b430f2681411d3' &gt; received.txt; p
rintf 'EXECUTED:event-68347550135c466d87b430f2681411d3\n'
EXECUTED:event-68347550135c466d87b430f2681411d3
bash-5.3$




















</system-out></testcase><testcase classname="poc.01.tmux-runtime" name="TMUX-06 session files are isolated" time="0.000001"><system-out>expected: only target workspace receives marker
observed: {"claude-feature-f123-plan-1": false, "claude-root": true, "codex-feature-f123-1": false, "codex-root": false}</system-out></testcase><testcase classname="poc.01.tmux-runtime" name="TMUX-07 notification submission is non-blocking" time="0.000001"><system-out>expected: tmux send-keys returns in &lt;100 ms
observed: 4.824</system-out></testcase><testcase classname="poc.01.tmux-runtime" name="TMUX-08 cleanup removes every session" time="0.000001"><system-out>expected: has-session fails for all created sessions
observed: true</system-out></testcase><testcase classname="poc.02.event-protocol" name="EVT-01 valid fixtures satisfy Draft-07 schema" time="0.000001"><system-out>expected: zero schema errors
observed: [[], [], []]</system-out></testcase><testcase classname="poc.02.event-protocol" name="EVT-02 malformed fixtures are rejected" time="0.000001"><system-out>expected: every invalid fixture has schema diagnostics
observed: {"missing_fields.json": ["'occurred_at' is a required property", "'producer' is a required property", "'aggregate' is a required property", "'correlation_id' is a required property", "'idempotency_key' is a required property", "'policy_revision' is a required property", "'payload' is a required property", "'integrity' is a required property", "Additional properties are not allowed ('_test_note' was unexpected)"], "wrong_protocol.json": ["'policy_revision' is a required property", "'integrity' is a required property", "'ai-runtime.events/v1' was expected", "'user' is not of type 'object'", "'feature_id' is a required property", "'stream' is a required property"]}</system-out></testcase><testcase classname="poc.02.event-protocol" name="EVT-03 unsupported schema version is rejected" time="0.000001"><system-out>expected: v2 rejected by v1 schema
observed: ["'ai-runtime.events/v1' was expected"]</system-out></testcase><testcase classname="poc.02.event-protocol" name="EVT-04 events append durably in aggregate order" time="0.000002"><system-out>expected: three fsync-backed appends
observed: ["APPENDED", "APPENDED", "APPENDED"]</system-out></testcase><testcase classname="poc.02.event-protocol" name="EVT-05 exact duplicates are idempotent" time="0.000002"><system-out>expected: duplicate ignored and store remains three events
observed: {"count": 3, "result": "DUPLICATE_IGNORED"}</system-out></testcase><testcase classname="poc.02.event-protocol" name="EVT-06 idempotency-key content conflicts are rejected" time="0.000001"><system-out>expected: IDEMPOTENCY_CONFLICT
observed: IDEMPOTENCY_CONFLICT</system-out></testcase><testcase classname="poc.02.event-protocol" name="EVT-07 aggregate ordering is enforced" time="0.000001"><system-out>expected: sequence gap rejected
observed: AGGREGATE_SEQUENCE_CONFLICT expected=4</system-out></testcase><testcase classname="poc.02.event-protocol" name="EVT-08 replay reconstructs projection" time="0.000001"><system-out>expected: three events project final state plan.approved
observed: {"event_count": 3, "side_effects_replayed": 0, "streams": {"feature/feat-validation": {"last_event_id": "evt-validation-003", "sequence": 3, "state": "plan.approved"}}}</system-out></testcase><testcase classname="poc.02.event-protocol" name="EVT-09 replay is deterministic and side-effect safe" time="0.000001"><system-out>expected: byte-identical projections; zero blind side effects
observed: 4d6877e5fd4dd38d8bb45a0f781537756b4a06b54fd035cba4a686f588369d6c</system-out></testcase><testcase classname="poc.02.event-protocol" name="EVT-10 tampering is detected by SHA-256" time="0.000001"><system-out>expected: modified payload fails digest
observed: {"computed": "c3c8fb6e3d7f319b581a1b0320b4cb7da9235cd6d80caba0b7f9ec16252dc6af", "stored": "e5c7d12798546ba1cb41129ebda040b8e1fad7b26a6f5d0aa6b23b1c47b85f76"}</system-out></testcase><testcase classname="poc.02.event-protocol" name="EVT-11 invalid signatures are rejected" time="0.000002"><system-out>expected: INVALID_SIGNATURE
observed: INVALID_SIGNATURE</system-out></testcase><testcase classname="poc.02.event-protocol" name="EVT-12 store corruption fails closed" time="0.000001"><system-out>expected: corruption names exact line
observed: CORRUPT_EVENT_STORE line 4: Expecting property name enclosed in double quotes</system-out></testcase><testcase classname="poc.03.session-resume" name="RES-01 live session reattaches with identity evidence" time="0.000001"><system-out>expected: session name and live pane PID verified
observed: {"identity": "codex-feature-resume-1:%0", "pane_pid": "35236"}</system-out></testcase><testcase classname="poc.03.session-resume" name="RES-02 resume eligibility requires every precondition" time="0.000000"><system-out>expected: all eight exceptional-resume gates true
observed: {"abnormal_loss": true, "capability_resume": true, "config_enabled": true, "exclusive_resource_free": true, "git_valid": true, "readiness_evidence": true, "resume_ref": true, "role_valid": true}</system-out></testcase><testcase classname="poc.03.session-resume" name="RES-03 capability gate selects fresh reconstruction" time="0.000001"><system-out>expected: resume=false prevents resume attempt
observed: fresh_reconstruction</system-out></testcase><testcase classname="poc.03.session-resume" name="RES-04 abnormal session loss is observable" time="0.000001"><system-out>expected: tmux session absent after kill
observed: true</system-out></testcase><testcase classname="poc.03.session-resume" name="RES-05 fresh reconstruction packet is complete and bounded" time="0.000001"><system-out>expected: required fields present and &lt;=128 KiB
observed: {"bytes": 1011, "missing": []}</system-out></testcase><testcase classname="poc.03.session-resume" name="RES-06 packet Git state matches repository" time="0.000001"><system-out>expected: packet HEAD equals clean repository HEAD
observed: {"git": "e5f86ad0ed0bc78be394d4510f846f4f59839572", "packet": "e5f86ad0ed0bc78be394d4510f846f4f59839572"}</system-out></testcase><testcase classname="poc.03.session-resume" name="RES-07 dirty worktree is quarantined without deletion" time="0.000001"><system-out>expected: dirty file preserved in quarantine
observed: {"content": "preserve me\n", "dirty": true, "quarantine": "/home/tinhnv/project/docs/design-document/ai-runtime-validation/artifacts/20260803T031942Z-8ff2b2/poc-03/quarantine/feature-repo"}</system-out></testcase><testcase classname="poc.03.session-resume" name="RES-08 workflow reconstruction does not depend on resume IDs" time="0.000001"><system-out>expected: no resume ID and a verifiable packet digest
observed: {"packet_sha256": "e1691a602031c35badfc38fd0803640d1aa5302b92439841c609630e0874af1b", "resume_id": null, "source": "git_reconstruction"}</system-out></testcase><testcase classname="poc.04.capability-registry" name="CAP-01 registry loads documents from adapter capabilities()" time="0.000001"><system-out>expected: two current documents and one capabilities() call each
observed: {"calls": {"claude": 1, "codex": 1}, "entries": ["claude", "codex"]}</system-out></testcase><testcase classname="poc.04.capability-registry" name="CAP-02 fork selection is declaration-gated" time="0.000001"><system-out>expected: claude native; codex synthetic
observed: {"claude": "native", "codex": "synthetic"}</system-out></testcase><testcase classname="poc.04.capability-registry" name="CAP-03 resume selection is declaration-gated" time="0.000000"><system-out>expected: undeclared resume becomes reconstruction
observed: {"claude": "resume", "codex": "fresh_reconstruction"}</system-out></testcase><testcase classname="poc.04.capability-registry" name="CAP-04 required triggers force revalidation" time="0.000000"><system-out>expected: fresh capabilities() call per trigger and adapter
observed: {"audit": [{"active": ["claude", "codex"], "trigger": "startup"}, {"active": ["claude", "codex"], "trigger": "restart"}, {"active": ["claude", "codex"], "trigger": "adapter_upgrade"}, {"active": ["claude", "codex"], "trigger": "manual_cli_upgrade"}], "call_delta": {"claude": 4, "codex": 4}}</system-out></testcase><testcase classname="poc.04.capability-registry" name="CAP-05 stale capability document cannot overwrite current" time="0.000001"><system-out>expected: older/equal document rejected
observed: {"candidate": "0.1", "current": "1.0"}</system-out></testcase><testcase classname="poc.04.capability-registry" name="CAP-06 declaration/observation mismatch fences adapter" time="0.000000"><system-out>expected: ADAPTER_UNAVAILABLE
observed: ADAPTER_UNAVAILABLE</system-out></testcase><testcase classname="poc.04.capability-registry" name="CAP-07 operations require a current registry entry" time="0.000000"><system-out>expected: missing adapter is unavailable
observed: ADAPTER_UNAVAILABLE</system-out></testcase><testcase classname="poc.05.knowledge-runtime" name="KR-01 snapshot contains all six domains" time="0.000001"><system-out>expected: six named, populated domains
observed: {"architecture": 1, "business": 1, "convention": 1, "dependency": 1, "project": 1, "workspace": 1}</system-out></testcase><testcase classname="poc.05.knowledge-runtime" name="KR-02 fact taxonomy recognizes all classifications" time="0.000001"><system-out>expected: confirmed, inferred, open, transient
observed: ["confirmed", "inferred", "open", "transient"]</system-out></testcase><testcase classname="poc.05.knowledge-runtime" name="KR-03 confirmed facts resolve to Git provenance" time="0.000001"><system-out>expected: every commit and path resolves
observed: {"commit": "24ee0013445318dfd1390fdf42fc8055f0d1bd48", "path": "architecture.txt"}</system-out></testcase><testcase classname="poc.05.knowledge-runtime" name="KR-04 unproven confirmed fact is rejected" time="0.000001"><system-out>expected: missing provenance rejected
observed: rejected</system-out></testcase><testcase classname="poc.05.knowledge-runtime" name="KR-05 compression bounds oversized context and retains proven facts" time="0.000002"><system-out>expected: &gt;128 KiB input, &lt;128 KiB output, confirmed fact retained
observed: {"after_bytes": 246, "before_bytes": 164155}</system-out></testcase><testcase classname="poc.05.knowledge-runtime" name="KR-06 packet budget is enforced at byte boundary" time="0.000001"><system-out>expected: 131073-byte packet rejected
observed: {"bytes": 131073, "result": "SCHEMA_INVALID:PACKET_BUDGET_EXCEEDED"}</system-out></testcase><testcase classname="poc.05.knowledge-runtime" name="KR-07 knowledge evolution starts only from integrated Git evidence" time="0.000002"><system-out>expected: merged commit reachable before evolution
observed: {"events": ["merge.completed", "knowledge.evolution.started", "knowledge.snapshot.published"], "reachable": true}</system-out></testcase><testcase classname="poc.05.knowledge-runtime" name="KR-08 cache taxonomy is isolated with Conversation Cache disabled" time="0.000001"><system-out>expected: independent layer values; no conversation directory
observed: {"conversation_enabled": false, "layers": ["knowledge", "prompt", "resume"]}</system-out></testcase><testcase classname="poc.05.knowledge-runtime" name="KR-09 published snapshot is bounded" time="0.000002"><system-out>expected: snapshot &lt;=128 KiB
observed: 2337</system-out></testcase><testcase classname="poc.06.review-loop" name="RL-01 lifecycle accepts valid traversal and rejects jumps" time="0.000001"><system-out>expected: normal chain completes; requested-&gt;implementation denied
observed: {"final": "merge.completed", "invalid_jump_allowed": false}</system-out></testcase><testcase classname="poc.06.review-loop" name="RL-02 approval binding verifies exact immutable facts" time="0.000001"><system-out>expected: HMAC validates head/base/plan/policy/role
observed: {"binding_sha256": "96704407440576cd4e696afc0a6a6b41f60b37d7fe96cf0809a3482e19a46077", "signature": "d5461383c6f4f735cb108c0a872674640f8b05d27ef479a0d87a0fab8e7e1b8e"}</system-out></testcase><testcase classname="poc.06.review-loop" name="RL-03 post-approval code change invalidates approval" time="0.000001"><system-out>expected: changed head fails binding signature
observed: false</system-out></testcase><testcase classname="poc.06.review-loop" name="RL-04 forged implementer approval is rejected" time="0.000001"><system-out>expected: AUTHORIZATION_DENIED
observed: AUTHORIZATION_DENIED</system-out></testcase><testcase classname="poc.06.review-loop" name="RL-05 review-cycle limit escalates and blocks dispatch" time="0.000001"><system-out>expected: third changes.requested escalates
observed: ["redispatch", "redispatch", "escalate_and_block"]</system-out></testcase><testcase classname="poc.06.review-loop" name="RL-06 writer lease is exclusive and stale tokens are fenced" time="0.000001"><system-out>expected: one holder; recovery token increases
observed: {"collision": [false, 1], "first": [true, 1], "lease": {"fencing_token": 2, "holder": "codex_recovery"}, "recovery": [true, 2]}</system-out></testcase><testcase classname="poc.07.scheduler" name="SCH-01 delivery queue survives reload" time="0.000002"><system-out>expected: serialized queue equals in-memory queue
observed: {"count": 3, "path": "/home/tinhnv/project/docs/design-document/ai-runtime-validation/artifacts/20260803T031942Z-8ff2b2/poc-07/delivery-queue.json"}</system-out></testcase><testcase classname="poc.07.scheduler" name="SCH-02 priority dispatcher orders critical, high, normal" time="0.000001"><system-out>expected: critical-new, high, normal-old
observed: ["critical-new", "high", "normal-old"]</system-out></testcase><testcase classname="poc.07.scheduler" name="SCH-03 retry uses exponential backoff with escalation" time="0.000001"><system-out>expected: 2,4,8,16 seconds and visible after threshold
observed: {"escalation": "visible", "seconds": [2, 4, 8, 16]}</system-out></testcase><testcase classname="poc.07.scheduler" name="SCH-04 dispatcher respects session capacity" time="0.000010"><system-out>expected: ready selected; all-busy queue remains pending
observed: {"assigned": "ready", "pending_when_full": true}</system-out></testcase><testcase classname="poc.07.scheduler" name="SCH-05 aging prevents lower-priority starvation" time="0.000001"><system-out>expected: SLA-aged normal event dispatches before fresh critical
observed: ["normal-aged", "critical-fresh"]</system-out></testcase><testcase classname="poc.07.scheduler" name="SCH-06 scheduler tick is non-blocking" time="0.000002"><system-out>expected: 1000-item tick &lt;100 ms with no consumer wait
observed: {"duration_ms": 0.623, "eligible": 1000}</system-out></testcase><testcase classname="poc.08.chaos" name="CHAOS-01 killed session is detected while peers continue" time="0.000001"><system-out>expected: victim absent; survivor present
observed: {"survivor_alive": true, "victim_dead": true}</system-out></testcase><testcase classname="poc.08.chaos" name="CHAOS-02 crash after append is recovered by replay" time="0.000001"><system-out>expected: durable event projects after restart
observed: {"projection_was_absent": true, "replayed": {"event_count": 1, "side_effects_replayed": 0, "streams": {"feature/feat-validation": {"last_event_id": "evt-validation-001", "sequence": 1, "state": "feature.requested"}}}}</system-out></testcase><testcase classname="poc.08.chaos" name="CHAOS-03 dirty crash worktree is quarantined" time="0.000002"><system-out>expected: dirty file preserved under quarantine
observed: {"git_status": "?? dirty.txt", "quarantine": "/home/tinhnv/project/docs/design-document/ai-runtime-validation/artifacts/20260803T031942Z-8ff2b2/poc-08/quarantine/dirty-repo"}</system-out></testcase><testcase classname="poc.08.chaos" name="CHAOS-04 merge outcome is reconciled from Git refs" time="0.000001"><system-out>expected: feature reachable from actual integration ref
observed: {"actual_ref": "b46e2da8751ca057b1e37f23c42bd20cb2252607", "base": "e5f86ad0ed0bc78be394d4510f846f4f59839572", "feature": "3f5e47a7ea77cdd4e6776c941f3d68ec23219bf8"}</system-out></testcase><testcase classname="poc.08.chaos" name="CHAOS-05 ENOSPC preserves prior cache and degrades safely" time="0.000001"><system-out>expected: old cache digest unchanged; fallback selected
observed: {"after": "e098559c16e514920412857c5ea4dd9b3f0d94c5a1270c6fc4b66e6da591cc1c", "before": "e098559c16e514920412857c5ea4dd9b3f0d94c5a1270c6fc4b66e6da591cc1c", "result": "fallback_without_cache"}</system-out></testcase><testcase classname="poc.08.chaos" name="CHAOS-06 clock jump and newer fencing token reject stale writes" time="0.000000"><system-out>expected: both safe-time and token checks deny
observed: {"clock_check": "AUTHORIZATION_DENIED", "token_check": "AUTHORIZATION_DENIED"}</system-out></testcase><testcase classname="poc.08.chaos" name="CHAOS-07 recovery procedure executes all 11 steps in order" time="0.000001"><system-out>expected: exact Chapter 23 ordering
observed: ["stop_side_effects", "validate_config_and_repo", "rebuild_projection", "inspect_git_and_worktrees", "reconcile_leases", "reconcile_sessions", "revalidate_capabilities", "select_recovery", "confirm_pending_intents", "resume_deliveries", "publish_report"]</system-out></testcase><testcase classname="poc.09.performance" name="PERF-01 event acceptance p99 meets target" time="0.000002"><system-out>expected: p99 &lt; 50 ms
observed: {"p50": 7.0568, "p95": 14.151099, "p99": 48.944698}</system-out></testcase><testcase classname="poc.09.performance" name="PERF-02 notification p99 meets target" time="0.000001"><system-out>expected: p99 &lt; 100 ms
observed: {"p50": 0.0033, "p95": 0.0059, "p99": 0.0098}</system-out></testcase><testcase classname="poc.09.performance" name="PERF-03 fresh process recovery reaches readiness target" time="0.000002"><system-out>expected: ready evidence in &lt;2000 ms
observed: {"duration_ms": 43.508, "ready": true}</system-out></testcase><testcase classname="poc.09.performance" name="PERF-04 100-commit cache rebuild meets target" time="0.000003"><system-out>expected: 100 commits materialized in &lt;5000 ms
observed: {"bytes": 4902, "commits": 100, "duration_ms": 11.542}</system-out></testcase><testcase classname="poc.09.performance" name="PERF-05 packet byte budget accepts boundary and rejects overflow" time="0.000001"><system-out>expected: 131072 accepted; 131073 rejected
observed: {"131071": "accepted", "131072": "accepted", "131073": "SCHEMA_INVALID:PACKET_BUDGET_EXCEEDED"}</system-out></testcase><testcase classname="poc.09.performance" name="PERF-06 ten non-conflicting feature flows complete concurrently" time="0.000001"><system-out>expected: 10 distinct completed artifacts
observed: {"duration_ms": 14.786, "flows": 10, "unique_digests": 10}</system-out></testcase><testcase classname="poc.09.performance" name="PERF-07 event-store growth remains below 2 KiB/event" time="0.000001"><system-out>expected: average &lt;2048 bytes/event
observed: {"accept_throughput_per_second": 110.22587939867321, "bytes_per_event": 157.26666666666668}</system-out></testcase><testcase classname="poc.09.performance" name="PERF-08 persistent dispatch is under 20% of cold startup" time="0.000002"><system-out>expected: persistent median / cold median &lt;0.20
observed: {"cold_median_ms": 22.827449, "persistent_median_ms": 0.11955, "ratio": 0.005237116070218797}</system-out></testcase><testcase classname="poc.09.performance" name="PERF-09 benchmark records memory, workload, and environment" time="0.000001"><system-out>expected: positive peak RSS and declared workload/model mode
observed: {"environment": {"cpu_count": 8, "model_usage": "deterministic mock; no vendor model invoked", "platform": "Linux-6.18.33.2-microsoft-standard-WSL2-x86_64-with-glibc2.43", "python": "3.14.4"}, "peak_rss_kib": 108380, "workload": {"concurrent_features": 10, "events": 150, "history_commits": 100}}</system-out></testcase><testcase classname="poc.10.end-to-end" name="E2E-01 complete lifecycle reaches knowledge.synchronized" time="0.000002"><system-out>expected: exact ten-event lifecycle
observed: ["feature.requested", "plan.ready", "plan.approved", "implementation.ready", "review.requested", "merge.approved", "merge.started", "merge.completed", "knowledge.sync.requested", "knowledge.synchronized"]</system-out></testcase><testcase classname="poc.10.end-to-end" name="E2E-02 event audit chain is contiguous and correlated" time="0.000002"><system-out>expected: sequence 1..10; one correlation; each causation points to predecessor
observed: {"causes_match": true, "correlations": ["cor-e2e-validation"], "sequences": [1, 2, 3, 4, 5, 6, 7, 8, 9, 10]}</system-out></testcase><testcase classname="poc.10.end-to-end" name="E2E-03 merge approval authority and binding verify" time="0.000001"><system-out>expected: Claude reviewer signature matches implementation head
observed: {"head": "ad122486f59de1582502354b0b2c1b6b819c3b81", "role": "claude_reviewer", "signature_valid": true}</system-out></testcase><testcase classname="poc.10.end-to-end" name="E2E-04 Git integration state proves merge outcome" time="0.000002"><system-out>expected: feature head reachable and merge event matches main
observed: {"feature_reachable": true, "integration_head": "f58118580a20188fc8f1e34e322267d23ecdca16"}</system-out></testcase><testcase classname="poc.10.end-to-end" name="E2E-05 knowledge synchronization occurs only after merge" time="0.000001"><system-out>expected: knowledge.sync.requested index follows merge.completed
observed: {"knowledge_index": 8, "merge_index": 7}</system-out></testcase><testcase classname="poc.10.end-to-end" name="E2E-06 feature session is disposable without affecting root" time="0.000002"><system-out>expected: feature absent; root alive
observed: {"feature_absent": true, "root_alive": true}</system-out></testcase><testcase classname="poc.10.end-to-end" name="E2E-07 all ten architectural invariants have observed evidence" time="0.000002"><system-out>expected: 10/10 invariant predicates true
observed: {"INV-01": true, "INV-02": true, "INV-03": true, "INV-04": true, "INV-05": true, "INV-06": true, "INV-07": true, "INV-08": true, "INV-09": true, "INV-10": true}</system-out></testcase><testcase classname="poc.10.end-to-end" name="E2E-08 cleanup leaves no feature or orphan sessions" time="0.000001"><system-out>expected: feature cleaned; deliberately persistent root remains managed
observed: {"feature_absent": true, "managed_roots": 1}</system-out></testcase><testcase classname="poc.10.end-to-end" name="E2E-09 laboratory teardown removes tmux server" time="0.000001"><system-out>expected: isolated tmux socket has no server
observed: true</system-out></testcase><testcase classname="poc.10.end-to-end" name="E2E-10 event store is durable and schema-valid" time="0.000034"><system-out>expected: fsync-backed non-empty store; zero schema errors
observed: {"bytes": 7228, "events": 10}</system-out></testcase></testsuite>