<?xml version='1.0' encoding='utf-8'?>
<testsuite name="ai-runtime-validation" tests="9" failures="1" timestamp="2026-08-03T03:22:22.292409Z"><testcase classname="poc.09.performance" name="PERF-01 event acceptance p99 meets target" time="0.000026"><system-out>expected: p99 &lt; 50 ms
observed: AssertionError: {'p50': 18.505311, 'p95': 46.118228, 'p99': 77.993946}</system-out><failure message="AssertionError: {'p50': 18.505311, 'p95': 46.118228, 'p99': 77.993946}">AssertionError: {'p50': 18.505311, 'p95': 46.118228, 'p99': 77.993946}</failure></testcase><testcase classname="poc.09.performance" name="PERF-02 notification p99 meets target" time="0.000001"><system-out>expected: p99 &lt; 100 ms
observed: {"p50": 0.00245, "p95": 0.0046, "p99": 0.0068}</system-out></testcase><testcase classname="poc.09.performance" name="PERF-03 fresh process recovery reaches readiness target" time="0.000001"><system-out>expected: ready evidence in &lt;2000 ms
observed: {"duration_ms": 37.037, "ready": true}</system-out></testcase><testcase classname="poc.09.performance" name="PERF-04 100-commit cache rebuild meets target" time="0.000001"><system-out>expected: 100 commits materialized in &lt;5000 ms
observed: {"bytes": 4902, "commits": 100, "duration_ms": 8.871}</system-out></testcase><testcase classname="poc.09.performance" name="PERF-05 packet byte budget accepts boundary and rejects overflow" time="0.000001"><system-out>expected: 131072 accepted; 131073 rejected
observed: {"131071": "accepted", "131072": "accepted", "131073": "SCHEMA_INVALID:PACKET_BUDGET_EXCEEDED"}</system-out></testcase><testcase classname="poc.09.performance" name="PERF-06 ten non-conflicting feature flows complete concurrently" time="0.000001"><system-out>expected: 10 distinct completed artifacts
observed: {"duration_ms": 12.812, "flows": 10, "unique_digests": 10}</system-out></testcase><testcase classname="poc.09.performance" name="PERF-07 event-store growth remains below 2 KiB/event" time="0.000001"><system-out>expected: average &lt;2048 bytes/event
observed: {"accept_throughput_per_second": 48.128920127616915, "bytes_per_event": 157.26666666666668}</system-out></testcase><testcase classname="poc.09.performance" name="PERF-08 persistent dispatch is under 20% of cold startup" time="0.000001"><system-out>expected: persistent median / cold median &lt;0.20
observed: {"cold_median_ms": 21.115299999999998, "persistent_median_ms": 0.13665, "ratio": 0.006471610633048075}</system-out></testcase><testcase classname="poc.09.performance" name="PERF-09 benchmark records memory, workload, and environment" time="0.000001"><system-out>expected: positive peak RSS and declared workload/model mode
observed: {"environment": {"cpu_count": 8, "model_usage": "deterministic mock; no vendor model invoked", "platform": "Linux-6.18.33.2-microsoft-standard-WSL2-x86_64-with-glibc2.43", "python": "3.14.4"}, "peak_rss_kib": 109768, "workload": {"concurrent_features": 10, "events": 150, "history_commits": 100}}</system-out></testcase></testsuite>